Performing C SOURCE FILE Test CMAKE_HAVE_LIBC_PTHREAD failed with the following output:
Change Dir: /home/qian/Software/MGARD/build_scripts/build-cuda-summit/protobuf/build/CMakeFiles/CMakeTmp

Run Build Command(s):/bin/make -f Makefile cmTC_00cc9/fast && /bin/make  -f CMakeFiles/cmTC_00cc9.dir/build.make CMakeFiles/cmTC_00cc9.dir/build
make[1]: Entering directory '/home/qian/Software/MGARD/build_scripts/build-cuda-summit/protobuf/build/CMakeFiles/CMakeTmp'
Building C object CMakeFiles/cmTC_00cc9.dir/src.c.o
/bin/cc -DCMAKE_HAVE_LIBC_PTHREAD   -o CMakeFiles/cmTC_00cc9.dir/src.c.o -c /home/qian/Software/MGARD/build_scripts/build-cuda-summit/protobuf/build/CMakeFiles/CMakeTmp/src.c
Linking C executable cmTC_00cc9
/usr/local/bin/cmake -E cmake_link_script CMakeFiles/cmTC_00cc9.dir/link.txt --verbose=1
/bin/cc -rdynamic CMakeFiles/cmTC_00cc9.dir/src.c.o -o cmTC_00cc9 
/bin/ld: CMakeFiles/cmTC_00cc9.dir/src.c.o: in function `main':
src.c:(.text+0x46): undefined reference to `pthread_create'
/bin/ld: src.c:(.text+0x52): undefined reference to `pthread_detach'
/bin/ld: src.c:(.text+0x5e): undefined reference to `pthread_cancel'
/bin/ld: src.c:(.text+0x6f): undefined reference to `pthread_join'
collect2: error: ld returned 1 exit status
make[1]: *** [CMakeFiles/cmTC_00cc9.dir/build.make:99: cmTC_00cc9] Error 1
make[1]: Leaving directory '/home/qian/Software/MGARD/build_scripts/build-cuda-summit/protobuf/build/CMakeFiles/CMakeTmp'
make: *** [Makefile:127: cmTC_00cc9/fast] Error 2


Source file was:
#include <pthread.h>

static void* test_func(void* data)
{
  return data;
}

int main(void)
{
  pthread_t thread;
  pthread_create(&thread, NULL, test_func, NULL);
  pthread_detach(thread);
  pthread_cancel(thread);
  pthread_join(thread, NULL);
  pthread_atfork(NULL, NULL, NULL);
  pthread_exit(NULL);

  return 0;
}

Determining if the function pthread_create exists in the pthreads failed with the following output:
Change Dir: /home/qian/Software/MGARD/build_scripts/build-cuda-summit/protobuf/build/CMakeFiles/CMakeTmp

Run Build Command(s):/bin/make -f Makefile cmTC_65e65/fast && /bin/make  -f CMakeFiles/cmTC_65e65.dir/build.make CMakeFiles/cmTC_65e65.dir/build
make[1]: Entering directory '/home/qian/Software/MGARD/build_scripts/build-cuda-summit/protobuf/build/CMakeFiles/CMakeTmp'
Building C object CMakeFiles/cmTC_65e65.dir/CheckFunctionExists.c.o
/bin/cc   -DCHECK_FUNCTION_EXISTS=pthread_create -o CMakeFiles/cmTC_65e65.dir/CheckFunctionExists.c.o -c /usr/local/share/cmake-3.22/Modules/CheckFunctionExists.c
Linking C executable cmTC_65e65
/usr/local/bin/cmake -E cmake_link_script CMakeFiles/cmTC_65e65.dir/link.txt --verbose=1
/bin/cc  -DCHECK_FUNCTION_EXISTS=pthread_create -rdynamic CMakeFiles/cmTC_65e65.dir/CheckFunctionExists.c.o -o cmTC_65e65  -lpthreads 
/bin/ld: cannot find -lpthreads
collect2: error: ld returned 1 exit status
make[1]: *** [CMakeFiles/cmTC_65e65.dir/build.make:99: cmTC_65e65] Error 1
make[1]: Leaving directory '/home/qian/Software/MGARD/build_scripts/build-cuda-summit/protobuf/build/CMakeFiles/CMakeTmp'
make: *** [Makefile:127: cmTC_65e65/fast] Error 2



