Performing C SOURCE FILE Test CMAKE_HAVE_LIBC_PTHREAD failed with the following output:
Change Dir: /home/qian/Software/MGARD/build_scripts/build-cuda-summit/zstd/build/CMakeFiles/CMakeTmp

Run Build Command(s):/bin/make -f Makefile cmTC_3e5b6/fast && /bin/make  -f CMakeFiles/cmTC_3e5b6.dir/build.make CMakeFiles/cmTC_3e5b6.dir/build
make[1]: Entering directory '/home/qian/Software/MGARD/build_scripts/build-cuda-summit/zstd/build/CMakeFiles/CMakeTmp'
Building C object CMakeFiles/cmTC_3e5b6.dir/src.c.o
/bin/cc -DCMAKE_HAVE_LIBC_PTHREAD  -std=c99 -Wall -Wextra -Wundef -Wshadow -Wcast-align -Wcast-qual -Wstrict-prototypes  -o CMakeFiles/cmTC_3e5b6.dir/src.c.o -c /home/qian/Software/MGARD/build_scripts/build-cuda-summit/zstd/build/CMakeFiles/CMakeTmp/src.c
Linking C executable cmTC_3e5b6
/usr/local/bin/cmake -E cmake_link_script CMakeFiles/cmTC_3e5b6.dir/link.txt --verbose=1
/bin/cc  -std=c99 -Wall -Wextra -Wundef -Wshadow -Wcast-align -Wcast-qual -Wstrict-prototypes  CMakeFiles/cmTC_3e5b6.dir/src.c.o -o cmTC_3e5b6 
/bin/ld: CMakeFiles/cmTC_3e5b6.dir/src.c.o: in function `main':
src.c:(.text+0x46): undefined reference to `pthread_create'
/bin/ld: src.c:(.text+0x52): undefined reference to `pthread_detach'
/bin/ld: src.c:(.text+0x5e): undefined reference to `pthread_cancel'
/bin/ld: src.c:(.text+0x6f): undefined reference to `pthread_join'
collect2: error: ld returned 1 exit status
make[1]: *** [CMakeFiles/cmTC_3e5b6.dir/build.make:99: cmTC_3e5b6] Error 1
make[1]: Leaving directory '/home/qian/Software/MGARD/build_scripts/build-cuda-summit/zstd/build/CMakeFiles/CMakeTmp'
make: *** [Makefile:127: cmTC_3e5b6/fast] Error 2


Source file was:
#include <pthread.h>

static void* test_func(void* data)
{
  return data;
}

int main(void)
{
  pthread_t thread;
  pthread_create(&thread, NULL, test_func, NULL);
  pthread_detach(thread);
  pthread_cancel(thread);
  pthread_join(thread, NULL);
  pthread_atfork(NULL, NULL, NULL);
  pthread_exit(NULL);

  return 0;
}

