Checking whether the CUDA compiler is NVIDIA using "" did not match "nvcc: NVIDIA \(R\) Cuda compiler driver":
Checking whether the CUDA compiler is Clang using "" did not match "(clang version)":
Compiling the CUDA compiler identification source file "CMakeCUDACompilerId.cu" failed.
Compiler: CMAKE_CUDA_COMPILER-NOTFOUND 
Build flags: 
Id flags:  -v

The output was:
No such file or directory


Compiling the CUDA compiler identification source file "CMakeCUDACompilerId.cu" failed.
Compiler: CMAKE_CUDA_COMPILER-NOTFOUND 
Build flags: 
Id flags:  -v

The output was:
No such file or directory


Checking whether the CUDA compiler is NVIDIA using "" did not match "nvcc: NVIDIA \(R\) Cuda compiler driver":
Checking whether the CUDA compiler is Clang using "" did not match "(clang version)":
Compiling the CUDA compiler identification source file "CMakeCUDACompilerId.cu" failed.
Compiler: CMAKE_CUDA_COMPILER-NOTFOUND 
Build flags: 
Id flags:  -v

The output was:
No such file or directory


Compiling the CUDA compiler identification source file "CMakeCUDACompilerId.cu" failed.
Compiler: CMAKE_CUDA_COMPILER-NOTFOUND 
Build flags: 
Id flags:  -v

The output was:
No such file or directory


Checking whether the CUDA compiler is NVIDIA using "" did not match "nvcc: NVIDIA \(R\) Cuda compiler driver":
Checking whether the CUDA compiler is Clang using "" did not match "(clang version)":
Compiling the CUDA compiler identification source file "CMakeCUDACompilerId.cu" failed.
Compiler: CMAKE_CUDA_COMPILER-NOTFOUND 
Build flags: 
Id flags:  -v

The output was:
No such file or directory


Compiling the CUDA compiler identification source file "CMakeCUDACompilerId.cu" failed.
Compiler: CMAKE_CUDA_COMPILER-NOTFOUND 
Build flags: 
Id flags:  -v

The output was:
No such file or directory


Checking whether the CUDA compiler is NVIDIA using "" did not match "nvcc: NVIDIA \(R\) Cuda compiler driver":
Checking whether the CUDA compiler is Clang using "" did not match "(clang version)":
Compiling the CUDA compiler identification source file "CMakeCUDACompilerId.cu" failed.
Compiler: CMAKE_CUDA_COMPILER-NOTFOUND 
Build flags: 
Id flags:  -v

The output was:
No such file or directory


Compiling the CUDA compiler identification source file "CMakeCUDACompilerId.cu" failed.
Compiler: CMAKE_CUDA_COMPILER-NOTFOUND 
Build flags: 
Id flags:  -v

The output was:
No such file or directory


Performing C SOURCE FILE Test CMAKE_HAVE_LIBC_PTHREAD failed with the following output:
Change Dir: /home/qian/Software/MGARD/build_scripts/build-cuda-summit/nvcomp/build/CMakeFiles/CMakeTmp

Run Build Command(s):/usr/bin/make -f Makefile cmTC_37b84/fast && /usr/bin/make  -f CMakeFiles/cmTC_37b84.dir/build.make CMakeFiles/cmTC_37b84.dir/build
make[1]: Entering directory '/home/qian/Software/MGARD/build_scripts/build-cuda-summit/nvcomp/build/CMakeFiles/CMakeTmp'
Building C object CMakeFiles/cmTC_37b84.dir/src.c.o
/usr/bin/cc -DCMAKE_HAVE_LIBC_PTHREAD   -o CMakeFiles/cmTC_37b84.dir/src.c.o -c /home/qian/Software/MGARD/build_scripts/build-cuda-summit/nvcomp/build/CMakeFiles/CMakeTmp/src.c
Linking C executable cmTC_37b84
/usr/local/bin/cmake -E cmake_link_script CMakeFiles/cmTC_37b84.dir/link.txt --verbose=1
/usr/bin/cc CMakeFiles/cmTC_37b84.dir/src.c.o -o cmTC_37b84 
/bin/ld: CMakeFiles/cmTC_37b84.dir/src.c.o: in function `main':
src.c:(.text+0x46): undefined reference to `pthread_create'
/bin/ld: src.c:(.text+0x52): undefined reference to `pthread_detach'
/bin/ld: src.c:(.text+0x5e): undefined reference to `pthread_cancel'
/bin/ld: src.c:(.text+0x6f): undefined reference to `pthread_join'
collect2: error: ld returned 1 exit status
make[1]: *** [CMakeFiles/cmTC_37b84.dir/build.make:99: cmTC_37b84] Error 1
make[1]: Leaving directory '/home/qian/Software/MGARD/build_scripts/build-cuda-summit/nvcomp/build/CMakeFiles/CMakeTmp'
make: *** [Makefile:127: cmTC_37b84/fast] Error 2


Source file was:
#include <pthread.h>

static void* test_func(void* data)
{
  return data;
}

int main(void)
{
  pthread_t thread;
  pthread_create(&thread, NULL, test_func, NULL);
  pthread_detach(thread);
  pthread_cancel(thread);
  pthread_join(thread, NULL);
  pthread_atfork(NULL, NULL, NULL);
  pthread_exit(NULL);

  return 0;
}

Determining if the function pthread_create exists in the pthreads failed with the following output:
Change Dir: /home/qian/Software/MGARD/build_scripts/build-cuda-summit/nvcomp/build/CMakeFiles/CMakeTmp

Run Build Command(s):/usr/bin/make -f Makefile cmTC_de37f/fast && /usr/bin/make  -f CMakeFiles/cmTC_de37f.dir/build.make CMakeFiles/cmTC_de37f.dir/build
make[1]: Entering directory '/home/qian/Software/MGARD/build_scripts/build-cuda-summit/nvcomp/build/CMakeFiles/CMakeTmp'
Building C object CMakeFiles/cmTC_de37f.dir/CheckFunctionExists.c.o
/usr/bin/cc   -DCHECK_FUNCTION_EXISTS=pthread_create -o CMakeFiles/cmTC_de37f.dir/CheckFunctionExists.c.o -c /usr/local/share/cmake-3.22/Modules/CheckFunctionExists.c
Linking C executable cmTC_de37f
/usr/local/bin/cmake -E cmake_link_script CMakeFiles/cmTC_de37f.dir/link.txt --verbose=1
/usr/bin/cc  -DCHECK_FUNCTION_EXISTS=pthread_create CMakeFiles/cmTC_de37f.dir/CheckFunctionExists.c.o -o cmTC_de37f  -lpthreads 
/bin/ld: cannot find -lpthreads
collect2: error: ld returned 1 exit status
make[1]: *** [CMakeFiles/cmTC_de37f.dir/build.make:99: cmTC_de37f] Error 1
make[1]: Leaving directory '/home/qian/Software/MGARD/build_scripts/build-cuda-summit/nvcomp/build/CMakeFiles/CMakeTmp'
make: *** [Makefile:127: cmTC_de37f/fast] Error 2



